<?xml version="1.0" encoding="UTF-8" ?>
<testsuites errors="0"
            failures="1"
            tests="12">

  <testsuite name="homepageSearchTest"
    errors="0" failures="1" hostname="" id="" package="homepageSearchTest" skipped="0"
    tests="12" time="23.69" timestamp="">
  
    <testcase name="TC_001: Verify successful search with keyword &#34;dress&#34;" classname="homepageSearchTest" time="7.193" assertions="3">

    

    

    
    </testcase>
  
    <testcase name="TC_002: Verify product titles contain the keyword &#34;dress&#34;" classname="homepageSearchTest" time="1.747" assertions="8">

    

    

    

    

    

    

      <failure message="Failed [ok]: (Product title &#34;Faded Short Sleeves T-shirt&#34; contains &#34;dress&#34;) - expected &#34;true&#34; but got: &#34;false&#34; (0ms)">    at NightwatchAPI.&lt;anonymous&gt; (/Users/yara.sayed1/Documents/MyStore/tests/homepageSearchTest.js:33:24)
    at processTicksAndRejections (node:internal/process/task_queues:96:5)</failure>
<system-out>[[ATTACHMENT|/Users/yara.sayed1/Documents/MyStore/screens/homepageSearchTest/TC_002:-Verify-product-titles-contain-the-keyword-dress_FAILED_Jul-09-2025-013403-GMT+0200.png]]</system-out>
    
    </testcase>
  
    <testcase name="TC_003: Verify the number of search results is displayed" classname="homepageSearchTest" time="1.568" assertions="3">

    

    

    
    </testcase>
  
    <testcase name="TC_004: Verify system behavior if no matching results exist" classname="homepageSearchTest" time="1.467" assertions="3">

    

    

    
    </testcase>
  
    <testcase name="TC_005: Verify the search term remains in the search bar after search" classname="homepageSearchTest" time="0.7540" assertions="2">

    

    
    </testcase>
  
    <testcase name="TC_006: Verify that the search works using the Enter key" classname="homepageSearchTest" time="2.169" assertions="3">

    

    

    
    </testcase>
  
    <testcase name="TC_007: Verify search results for uppercase input &#34;DRESS&#34;" classname="homepageSearchTest" time="1.544" assertions="3">

    

    

    
    </testcase>
  
    <testcase name="TC_008: Verify search results for mixed-case input &#34;DrEsS&#34;" classname="homepageSearchTest" time="1.441" assertions="3">

    

    

    
    </testcase>
  
    <testcase name="TC_009: Verify search when extra spaces are present after &#34;dress&#34;" classname="homepageSearchTest" time="1.692" assertions="3">

    

    

    
    </testcase>
  
    <testcase name="TC_010: Verify search with special characters &#34;dress@#!&#34;" classname="homepageSearchTest" time="1.486" assertions="3">

    

    

    
    </testcase>
  
    <testcase name="TC_011: Verify system behavior when clicking search with empty search field" classname="homepageSearchTest" time="1.852" assertions="3">

    

    

    
    </testcase>
  
    <testcase name="TC_012: Verify that the search term is removed after pressing clear (if available)" classname="homepageSearchTest" time="0.7770" assertions="3">

    

    

    
    </testcase>
  

  

    

  
  </testsuite>
</testsuites>
